2022-03-18 19:04:52.237 [ INFO ] 16044 --- [main] c.f.application.FideCardApplication      : Starting FideCardApplication using Java 1.8.0_301 on DESKTOP-M6I1M9P with PID 16044 (E:\workspaceFideCard\fideCard\fide-card-application\target\classes started by Jonathan in E:\workspaceFideCard\fideCard)
2022-03-18 19:04:52.275 [ INFO ] 16044 --- [main] c.f.application.FideCardApplication      : The following profiles are active: dev,local-cache
2022-03-18 19:04:53.155 [ INFO ] 16044 --- [main] .s.d.r.c.RepositoryConfigurationDelegate : Bootstrapping Spring Data JPA repositories in DEFAULT mode.
2022-03-18 19:04:53.226 [ INFO ] 16044 --- [main] .s.d.r.c.RepositoryConfigurationDelegate : Finished Spring Data repository scanning in 61 ms. Found 3 JPA repository interfaces.
2022-03-18 19:04:54.023 [ INFO ] 16044 --- [main] o.s.b.w.embedded.tomcat.TomcatWebServer  : Tomcat initialized with port(s): 9001 (http)
2022-03-18 19:04:54.031 [ INFO ] 16044 --- [main] o.apache.catalina.core.StandardService   : Starting service [Tomcat]
2022-03-18 19:04:54.032 [ INFO ] 16044 --- [main] org.apache.catalina.core.StandardEngine  : Starting Servlet engine: [Apache Tomcat/9.0.53]
2022-03-18 19:04:54.160 [ INFO ] 16044 --- [main] o.a.c.c.C.[Tomcat].[localhost].[/]       : Initializing Spring embedded WebApplicationContext
2022-03-18 19:04:54.160 [ INFO ] 16044 --- [main] w.s.c.ServletWebServerApplicationContext : Root WebApplicationContext: initialization completed in 1821 ms
2022-03-18 19:04:54.347 [ INFO ] 16044 --- [main] o.hibernate.jpa.internal.util.LogHelper  : HHH000204: Processing PersistenceUnitInfo [name: default]
2022-03-18 19:04:54.396 [ INFO ] 16044 --- [main] org.hibernate.Version                    : HHH000412: Hibernate ORM core version 5.4.32.Final
2022-03-18 19:04:54.519 [ WARN ] 16044 --- [main] org.hibernate.orm.deprecation            : HHH020100: The Ehcache second-level cache provider for Hibernate is deprecated.  See https://hibernate.atlassian.net/browse/HHH-12441 for details.
2022-03-18 19:04:54.529 [ INFO ] 16044 --- [main] o.hibernate.annotations.common.Version   : HCANN000001: Hibernate Commons Annotations {5.1.2.Final}
2022-03-18 19:04:54.625 [ INFO ] 16044 --- [main] com.zaxxer.hikari.HikariDataSource       : fide-cardlDS - Starting...
2022-03-18 19:04:54.738 [ INFO ] 16044 --- [main] com.zaxxer.hikari.HikariDataSource       : fide-cardlDS - Start completed.
2022-03-18 19:04:54.753 [ INFO ] 16044 --- [main] org.hibernate.dialect.Dialect            : HHH000400: Using dialect: org.hibernate.dialect.PostgreSQL94Dialect
2022-03-18 19:04:55.209 [ WARN ] 16044 --- [main] org.hibernate.orm.cache                  : HHH90001007: Using legacy cache name [org.hibernate.cache.spi.UpdateTimestampsCache] because configuration could not be found for cache [default-update-timestamps-region]. Update your configuration to rename cache [org.hibernate.cache.spi.UpdateTimestampsCache] to [default-update-timestamps-region].
2022-03-18 19:04:55.211 [ WARN ] 16044 --- [main] org.hibernate.orm.cache                  : HHH90001007: Using legacy cache name [org.hibernate.cache.internal.StandardQueryCache] because configuration could not be found for cache [default-query-results-region]. Update your configuration to rename cache [org.hibernate.cache.internal.StandardQueryCache] to [default-query-results-region].
2022-03-18 19:04:55.339 [ WARN ] 16044 --- [main] org.hibernate.orm.cache                  : HHH90001006: Missing cache[com.fidecard.application.model.regraCartao.RegraCartao] was created on-the-fly. The created cache will use a provider-specific default configuration: make sure you defined one. You can disable this warning by setting 'hibernate.cache.ehcache.missing_cache_strategy' to 'create'.
2022-03-18 19:04:55.346 [ WARN ] 16044 --- [main] org.hibernate.orm.cache                  : HHH90001006: Missing cache[com.fidecard.application.model.Cliente] was created on-the-fly. The created cache will use a provider-specific default configuration: make sure you defined one. You can disable this warning by setting 'hibernate.cache.ehcache.missing_cache_strategy' to 'create'.
2022-03-18 19:04:55.349 [ WARN ] 16044 --- [main] org.hibernate.orm.cache                  : HHH90001006: Missing cache[com.fidecard.application.model.LayoutCartao] was created on-the-fly. The created cache will use a provider-specific default configuration: make sure you defined one. You can disable this warning by setting 'hibernate.cache.ehcache.missing_cache_strategy' to 'create'.
2022-03-18 19:04:55.353 [ WARN ] 16044 --- [main] org.hibernate.orm.cache                  : HHH90001006: Missing cache[com.fidecard.application.model.Notificacao] was created on-the-fly. The created cache will use a provider-specific default configuration: make sure you defined one. You can disable this warning by setting 'hibernate.cache.ehcache.missing_cache_strategy' to 'create'.
2022-03-18 19:04:55.356 [ WARN ] 16044 --- [main] org.hibernate.orm.cache                  : HHH90001006: Missing cache[com.fidecard.application.model.Auditoria] was created on-the-fly. The created cache will use a provider-specific default configuration: make sure you defined one. You can disable this warning by setting 'hibernate.cache.ehcache.missing_cache_strategy' to 'create'.
2022-03-18 19:04:55.359 [ WARN ] 16044 --- [main] org.hibernate.orm.cache                  : HHH90001006: Missing cache[com.fidecard.application.model.Empresa] was created on-the-fly. The created cache will use a provider-specific default configuration: make sure you defined one. You can disable this warning by setting 'hibernate.cache.ehcache.missing_cache_strategy' to 'create'.
2022-03-18 19:04:55.361 [ WARN ] 16044 --- [main] org.hibernate.orm.cache                  : HHH90001006: Missing cache[com.fidecard.application.model.CartaoFidelidade] was created on-the-fly. The created cache will use a provider-specific default configuration: make sure you defined one. You can disable this warning by setting 'hibernate.cache.ehcache.missing_cache_strategy' to 'create'.
2022-03-18 19:04:55.364 [ WARN ] 16044 --- [main] org.hibernate.orm.cache                  : HHH90001006: Missing cache[com.fidecard.application.model.PontoCartao] was created on-the-fly. The created cache will use a provider-specific default configuration: make sure you defined one. You can disable this warning by setting 'hibernate.cache.ehcache.missing_cache_strategy' to 'create'.
2022-03-18 19:04:55.367 [ WARN ] 16044 --- [main] org.hibernate.orm.cache                  : HHH90001006: Missing cache[com.fidecard.application.model.Usuario] was created on-the-fly. The created cache will use a provider-specific default configuration: make sure you defined one. You can disable this warning by setting 'hibernate.cache.ehcache.missing_cache_strategy' to 'create'.
2022-03-18 19:04:55.370 [ WARN ] 16044 --- [main] org.hibernate.orm.cache                  : HHH90001006: Missing cache[com.fidecard.application.model.Endereco] was created on-the-fly. The created cache will use a provider-specific default configuration: make sure you defined one. You can disable this warning by setting 'hibernate.cache.ehcache.missing_cache_strategy' to 'create'.
2022-03-18 19:04:56.052 [ INFO ] 16044 --- [main] o.h.e.t.j.p.i.JtaPlatformInitiator       : HHH000490: Using JtaPlatform implementation: [org.hibernate.engine.transaction.jta.platform.internal.NoJtaPlatform]
2022-03-18 19:04:56.062 [ INFO ] 16044 --- [main] j.LocalContainerEntityManagerFactoryBean : Initialized JPA EntityManagerFactory for persistence unit 'default'
2022-03-18 19:04:56.849 [ INFO ] 16044 --- [main] o.s.c.ehcache.EhCacheManagerFactoryBean  : Initializing EhCache CacheManager
2022-03-18 19:04:57.423 [ INFO ] 16044 --- [main] o.s.b.w.embedded.tomcat.TomcatWebServer  : Tomcat started on port(s): 9001 (http) with context path ''
2022-03-18 19:04:57.919 [ INFO ] 16044 --- [ActiveMQ Task-1] o.a.a.t.failover.FailoverTransport       : Successfully connected to tcp://localhost:61616?wireFormat.maxInactivityDurationInitalDelay=20000
2022-03-18 19:04:57.952 [ INFO ] 16044 --- [ActiveMQ Task-1] o.a.a.t.failover.FailoverTransport       : Successfully connected to tcp://localhost:61616?wireFormat.maxInactivityDurationInitalDelay=20000
2022-03-18 19:04:57.955 [ INFO ] 16044 --- [ActiveMQ Task-1] o.a.a.t.failover.FailoverTransport       : Successfully connected to tcp://localhost:61616?wireFormat.maxInactivityDurationInitalDelay=20000
2022-03-18 19:04:57.969 [ INFO ] 16044 --- [main] c.f.application.FideCardApplication      : Started FideCardApplication in 6.264 seconds (JVM running for 7.324)
2022-03-18 19:05:15.669 [ INFO ] 16044 --- [http-nio-9001-exec-1] o.a.c.c.C.[Tomcat].[localhost].[/]       : Initializing Spring DispatcherServlet 'dispatcherServlet'
2022-03-18 19:05:15.669 [ INFO ] 16044 --- [http-nio-9001-exec-1] o.s.web.servlet.DispatcherServlet        : Initializing Servlet 'dispatcherServlet'
2022-03-18 19:05:15.671 [ INFO ] 16044 --- [http-nio-9001-exec-1] o.s.web.servlet.DispatcherServlet        : Completed initialization in 1 ms
2022-03-18 19:05:32.138 [ INFO ] 16044 --- [http-nio-9001-exec-2] c.f.a.jms.cliente.ClienteGateway         : Enfileirando Cadastro Cliente jonathan
2022-03-18 19:05:32.139 [ INFO ] 16044 --- [http-nio-9001-exec-2] c.f.application.jms.CadastroGateway      : Enfileirando nova mensagem na fila fide_card_cadastro_cliente
2022-03-18 19:05:32.142 [ INFO ] 16044 --- [ActiveMQ Task-1] o.a.a.t.failover.FailoverTransport       : Successfully connected to tcp://localhost:61616?wireFormat.maxInactivityDurationInitalDelay=20000
2022-03-18 19:06:03.863 [ INFO ] 16044 --- [http-nio-9001-exec-3] c.f.a.jms.empresa.EmpresaGateway         : Enfileirando Cadastro Empresa fidecard
2022-03-18 19:06:03.867 [ INFO ] 16044 --- [http-nio-9001-exec-3] c.f.application.jms.CadastroGateway      : Enfileirando nova mensagem na fila fide_card_cadastro_empresa
2022-03-18 19:06:03.869 [ INFO ] 16044 --- [ActiveMQ Task-1] o.a.a.t.failover.FailoverTransport       : Successfully connected to tcp://localhost:61616?wireFormat.maxInactivityDurationInitalDelay=20000
2022-03-18 19:06:24.457 [ INFO ] 16044 --- [http-nio-9001-exec-6] c.f.a.jms.usuario.UsuarioGateway         : Enfileirando Cadastro Usuario login
2022-03-18 19:06:24.457 [ INFO ] 16044 --- [http-nio-9001-exec-6] c.f.application.jms.CadastroGateway      : Enfileirando nova mensagem na fila fide_card_cadastro_usuario
2022-03-18 19:06:24.460 [ INFO ] 16044 --- [ActiveMQ Task-1] o.a.a.t.failover.FailoverTransport       : Successfully connected to tcp://localhost:61616?wireFormat.maxInactivityDurationInitalDelay=20000
